<?xml version="1.0" encoding="UTF-8"?>
<!-- Generated by org.testng.reporters.JUnitXMLReporter -->
<testsuite ignored="7" hostname="GNB1DEVLYS" failures="0" tests="1" name="Default test" time="11.018" errors="0" timestamp="2023-09-11T16:05:03 IST">
  <testcase classname="test.Customer" name="clickOnGDPRRequest" time="3.012"/>
  <testcase classname="test.Customer" name="clickOnCustomersDropDown" time="0.0">
    <ignored/>
  </testcase> <!-- clickOnCustomersDropDown -->
  <testcase classname="test.Customer" name="clickOnCustomerRolesUnderDropDown" time="0.0">
    <ignored/>
  </testcase> <!-- clickOnCustomerRolesUnderDropDown -->
  <testcase classname="test.Customer" name="clickOnVendors" time="0.0">
    <ignored/>
  </testcase> <!-- clickOnVendors -->
  <testcase classname="test.Customer" name="clickOnCustomersUnderDropDown" time="0.0">
    <ignored/>
  </testcase> <!-- clickOnCustomersUnderDropDown -->
  <testcase classname="test.Customer" name="clickOnActivityLog" time="0.0">
    <ignored/>
  </testcase> <!-- clickOnActivityLog -->
  <testcase classname="test.Customer" name="clickOnOnlineCustomers" time="0.0">
    <ignored/>
  </testcase> <!-- clickOnOnlineCustomers -->
  <testcase classname="test.Customer" name="clickOnActivityTypes" time="0.0">
    <ignored/>
  </testcase> <!-- clickOnActivityTypes -->
</testsuite> <!-- Default test -->
