<?xml version="1.0" encoding="UTF-8"?>
<!-- Generated by org.testng.reporters.JUnitXMLReporter -->
<testsuite ignored="3" hostname="GNB1DEVLYS" failures="0" tests="1" name="Default test" time="9.153" errors="0" timestamp="2023-09-06T13:11:59 IST">
  <testcase classname="test.Customer" name="clickOnOnlineCustomers" time="1.875"/>
  <testcase classname="test.Customer" name="clickOnCustomersUnderDropDown" time="0.0">
    <ignored/>
  </testcase> <!-- clickOnCustomersUnderDropDown -->
  <testcase classname="test.Customer" name="clickOnCustomerRolesUnderDropDown" time="0.0">
    <ignored/>
  </testcase> <!-- clickOnCustomerRolesUnderDropDown -->
  <testcase classname="test.Customer" name="clickOnCustomersDropDown" time="0.0">
    <ignored/>
  </testcase> <!-- clickOnCustomersDropDown -->
</testsuite> <!-- Default test -->
