<?xml version="1.0" encoding="UTF-8"?>
<testng-results ignored="7" total="8" passed="1" failed="0" skipped="0">
  <reporter-output>
  </reporter-output>
  <suite started-at="2023-09-11T16:04:52 IST" name="Default suite" finished-at="2023-09-11T16:05:03 IST" duration-ms="11018">
    <groups>
    </groups>
    <test started-at="2023-09-11T16:04:52 IST" name="Default test" finished-at="2023-09-11T16:05:03 IST" duration-ms="11018">
      <class name="test.Customer">
        <test-method is-config="true" signature="setUp()[pri:0, instance:test.Customer@546ccad7]" started-at="2023-09-11T16:04:52 IST" name="setUp" finished-at="2023-09-11T16:05:00 IST" duration-ms="7970" status="PASS">
          <reporter-output>
          </reporter-output>
        </test-method> <!-- setUp -->
        <test-method signature="clickOnGDPRRequest()[pri:0, instance:test.Customer@546ccad7]" started-at="2023-09-11T16:05:00 IST" name="clickOnGDPRRequest" finished-at="2023-09-11T16:05:03 IST" duration-ms="3012" status="PASS">
          <reporter-output>
          </reporter-output>
        </test-method> <!-- clickOnGDPRRequest -->
      </class> <!-- test.Customer -->
    </test> <!-- Default test -->
  </suite> <!-- Default suite -->
</testng-results>
