<?xml version="1.0" encoding="UTF-8"?>
<testng-results ignored="3" total="4" passed="1" failed="0" skipped="0">
  <reporter-output>
  </reporter-output>
  <suite started-at="2023-09-06T13:11:49 IST" name="Default suite" finished-at="2023-09-06T13:11:59 IST" duration-ms="9153">
    <groups>
    </groups>
    <test started-at="2023-09-06T13:11:49 IST" name="Default test" finished-at="2023-09-06T13:11:59 IST" duration-ms="9153">
      <class name="test.Customer">
        <test-method is-config="true" signature="setUp()[pri:0, instance:test.Customer@3c435123]" started-at="2023-09-06T13:11:49 IST" name="setUp" finished-at="2023-09-06T13:11:57 IST" duration-ms="7243" status="PASS">
          <reporter-output>
          </reporter-output>
        </test-method> <!-- setUp -->
        <test-method signature="clickOnOnlineCustomers()[pri:0, instance:test.Customer@3c435123]" started-at="2023-09-06T13:11:57 IST" name="clickOnOnlineCustomers" finished-at="2023-09-06T13:11:58 IST" duration-ms="1875" status="PASS">
          <reporter-output>
          </reporter-output>
        </test-method> <!-- clickOnOnlineCustomers -->
      </class> <!-- test.Customer -->
    </test> <!-- Default test -->
  </suite> <!-- Default suite -->
</testng-results>
